<?xml version="1.0" encoding="UTF-8"?>
<testng-results skipped="0" failed="0" total="1" passed="1">
  <reporter-output>
  </reporter-output>
  <suite name="Default suite" duration-ms="20" started-at="2015-05-12T15:10:52Z" finished-at="2015-05-12T15:10:52Z">
    <groups>
    </groups>
    <test name="Default test" duration-ms="20" started-at="2015-05-12T15:10:52Z" finished-at="2015-05-12T15:10:52Z">
      <class name="ingrec.SerDe">
        <test-method status="PASS" signature="serialiseMyData()[pri:0, instance:ingrec.SerDe@cd36a6d]" name="serialiseMyData" duration-ms="10" started-at="2015-05-12T20:40:52Z" finished-at="2015-05-12T20:40:52Z">
          <reporter-output>
          </reporter-output>
        </test-method> <!-- serialiseMyData -->
      </class> <!-- ingrec.SerDe -->
    </test> <!-- Default test -->
  </suite> <!-- Default suite -->
</testng-results>
